Build started 3/17/2016 8:27:24 PM.
     1>Project "C:\Users\wilsongau\Desktop\Lab4\MovieStore\MovieStore\343_Lab4.vcxproj" on node 2 (Build target(s)).
     1>ClCompile:
         C:\Program Files (x86)\Microsoft Visual Studio 14.0\VC\bin\x86_amd64\CL.exe /c /ZI /nologo /W3 /WX- /Od /D _DEBUG /D _CONSOLE /D _UNICODE /D UNICODE /Gm /EHsc /RTC1 /MDd /GS /fp:precise /Zc:wchar_t /Zc:forScope /Zc:inline /Fo"x64\Debug\\" /Fd"x64\Debug\vc140.pdb" /Gd /TP /errorReport:prompt 343_Lab4_Main.cpp
         343_Lab4_Main.cpp
       Link:
         C:\Program Files (x86)\Microsoft Visual Studio 14.0\VC\bin\x86_amd64\link.exe /ERRORREPORT:PROMPT /OUT:"C:\Users\wilsongau\Desktop\Lab4\MovieStore\MovieStore\x64\Debug\343_Lab4.exe" /INCREMENTAL /NOLOGO kernel32.lib user32.lib gdi32.lib winspool.lib comdlg32.lib advapi32.lib shell32.lib ole32.lib oleaut32.lib uuid.lib odbc32.lib odbccp32.lib /MANIFEST /MANIFESTUAC:"level='asInvoker' uiAccess='false'" /manifest:embed /Debug /PDB:"C:\Users\wilsongau\Desktop\Lab4\MovieStore\MovieStore\x64\Debug\343_Lab4.pdb" /SUBSYSTEM:CONSOLE /TLBID:1 /DYNAMICBASE /NXCOMPAT /IMPLIB:"C:\Users\wilsongau\Desktop\Lab4\MovieStore\MovieStore\x64\Debug\343_Lab4.lib" /MACHINE:X64 x64\Debug\343_Lab4_Main.obj
         x64\Debug\BorrowTransaction.obj
         x64\Debug\ClassicMovie.obj
         x64\Debug\ComedyMovie.obj
         x64\Debug\Customer.obj
         x64\Debug\CustomerAccounts.obj
         x64\Debug\DramaMovie.obj
         x64\Debug\FileReader.obj
         x64\Debug\HistoryTransaction.obj
         x64\Debug\InventoryTransaction.obj
         x64\Debug\Item.obj
         x64\Debug\ItemFactory.obj
         x64\Debug\Movie.obj
         x64\Debug\ReturnTransaction.obj
         x64\Debug\Store.obj
         x64\Debug\Transaction.obj
         x64\Debug\TransactionFactory.obj
         x64\Debug\TransactionManager.obj
         343_Lab4.vcxproj -> C:\Users\wilsongau\Desktop\Lab4\MovieStore\MovieStore\x64\Debug\343_Lab4.exe
     1>Done Building Project "C:\Users\wilsongau\Desktop\Lab4\MovieStore\MovieStore\343_Lab4.vcxproj" (Build target(s)).

Build succeeded.

Time Elapsed 00:00:01.67
